Active-HDL 10.5.217.6767 2019-11-23 05:54:42

Elaboration top modules:
Architecture                  squareWavy(sqwave)


--------------------------------------------------------------------------------------------------------------
Entity   | Architecture | Library                      | Info | Compiler Version        | Compilation Options
--------------------------------------------------------------------------------------------------------------
sqwave   | squareWavy   | dds_with_frequency_selection |      | 10.5.217.6767 (Windows) | -O3
--------------------------------------------------------------------------------------------------------------

--------------------------------------------------------------------------------------------------------------
VHDL Package            | Library                      | Info | Compiler Version        | Compilation Options
--------------------------------------------------------------------------------------------------------------
standard                | std                          |      |                         | <unavailable>
TEXTIO                  | std                          |      |                         | <unavailable>
std_logic_1164          | ieee                         |      |                         | <unavailable>
NUMERIC_STD             | ieee                         |      |                         | <unavailable>
--------------------------------------------------------------------------------------------------------------

-------------------------------------------------------------------------------------------------------------------
Library                      | Comment
-------------------------------------------------------------------------------------------------------------------
dds_with_frequency_selection | None
ieee                         | Standard IEEE packages library
std                          | Standard VHDL library
-------------------------------------------------------------------------------------------------------------------
